1637466655883	geckodriver	INFO	Listening on 127.0.0.1:54058
1637466655910	mozrunner::runner	INFO	Running command: "/Applications/Firefox.app/Contents/MacOS/firefox-bin" "--marionette" "-foreground" "-no-remote" "-profile" "/var/folders/zs/f9xhg2q16yj8jkhqpp4t6y0m0000gn/T/rust_mozprofileS3gagc"
1637466659764	Marionette	INFO	Marionette enabled
2021-11-21 11:51:00.683 firefox-bin[19259:172734] Warning: Expected min height of view: (<NSButton: 0x11bbbf000>) to be less than or equal to 30 but got a height of 32.000000. This error will be logged once per view in violation.
2021-11-21 11:51:00.684 firefox-bin[19259:172734] Warning: Expected min height of view: (<NSButton: 0x131c48800>) to be less than or equal to 30 but got a height of 32.000000. This error will be logged once per view in violation.
2021-11-21 11:51:00.684 firefox-bin[19259:172734] Warning: Expected min height of view: (<NSButton: 0x131c42800>) to be less than or equal to 30 but got a height of 32.000000. This error will be logged once per view in violation.
2021-11-21 11:51:00.685 firefox-bin[19259:172734] Warning: Expected min height of view: (<NSButton: 0x131c44000>) to be less than or equal to 30 but got a height of 32.000000. This error will be logged once per view in violation.
2021-11-21 11:51:00.686 firefox-bin[19259:172734] Warning: Expected min height of view: (<NSButton: 0x131c4cc00>) to be less than or equal to 30 but got a height of 32.000000. This error will be logged once per view in violation.
2021-11-21 11:51:00.686 firefox-bin[19259:172734] Warning: Expected min height of view: (<NSPopoverTouchBarItemButton: 0x131c4d800>) to be less than or equal to 30 but got a height of 32.000000. This error will be logged once per view in violation.
2021-11-21 11:51:00.687 firefox-bin[19259:172734] Warning: Expected min height of view: (<NSPopoverTouchBarItemButton: 0x131c95000>) to be less than or equal to 30 but got a height of 32.000000. This error will be logged once per view in violation.
console.warn: SearchSettings: "get: No settings file exists, new profile?" (new NotFoundError("Could not open the file at /var/folders/zs/f9xhg2q16yj8jkhqpp4t6y0m0000gn/T/rust_mozprofileS3gagc/search.json.mozlz4", (void 0)))
console.error: BackgroundUpdate: 
  _reasonsToNotScheduleUpdates: Failed to check for Maintenance Service Registry Key: [Exception... "Component returned failure code: 0x80004001 (NS_ERROR_NOT_IMPLEMENTED) [nsIUpdateProcessor.getServiceRegKeyExists]"  nsresult: "0x80004001 (NS_ERROR_NOT_IMPLEMENTED)"  location: "JS frame :: resource://gre/modules/BackgroundUpdate.jsm :: _reasonsToNotScheduleUpdates :: line 243"  data: no]
1637466661938	Marionette	INFO	Listening on port 54063
1637466662009	RemoteAgent	WARN	TLS certificate errors will be ignored for this session
1637466662125	Marionette	INFO	Stopped listening on port 54063
JavaScript error: resource:///modules/Interactions.jsm, line 209: NS_ERROR_FAILURE: Component returned failure code: 0x80004005 (NS_ERROR_FAILURE) [nsIUserIdleService.removeIdleObserver]
console.error: Region.jsm: "Error fetching region" (new TypeError("NetworkError when attempting to fetch resource.", ""))
console.error: Region.jsm: "Failed to fetch region" (new Error("NO_RESULT", "resource://gre/modules/Region.jsm", 419))

###!!! [Parent][RunMessage] Error: Channel closing: too late to send/recv, messages will be lost

1637466890300	geckodriver	INFO	Listening on 127.0.0.1:54194
1637466890310	mozrunner::runner	INFO	Running command: "/Applications/Firefox.app/Contents/MacOS/firefox-bin" "--marionette" "-foreground" "-no-remote" "-profile" "/var/folders/zs/f9xhg2q16yj8jkhqpp4t6y0m0000gn/T/rust_mozprofileKdxj8s"
1637466890759	Marionette	INFO	Marionette enabled
2021-11-21 11:54:51.634 firefox-bin[19627:175767] Warning: Expected min height of view: (<NSButton: 0x118795000>) to be less than or equal to 30 but got a height of 32.000000. This error will be logged once per view in violation.
2021-11-21 11:54:51.635 firefox-bin[19627:175767] Warning: Expected min height of view: (<NSButton: 0x1261afc00>) to be less than or equal to 30 but got a height of 32.000000. This error will be logged once per view in violation.
2021-11-21 11:54:51.635 firefox-bin[19627:175767] Warning: Expected min height of view: (<NSButton: 0x1261b0800>) to be less than or equal to 30 but got a height of 32.000000. This error will be logged once per view in violation.
2021-11-21 11:54:51.636 firefox-bin[19627:175767] Warning: Expected min height of view: (<NSButton: 0x1261ad000>) to be less than or equal to 30 but got a height of 32.000000. This error will be logged once per view in violation.
2021-11-21 11:54:51.636 firefox-bin[19627:175767] Warning: Expected min height of view: (<NSButton: 0x1261b0c00>) to be less than or equal to 30 but got a height of 32.000000. This error will be logged once per view in violation.
2021-11-21 11:54:51.637 firefox-bin[19627:175767] Warning: Expected min height of view: (<NSPopoverTouchBarItemButton: 0x1261b2400>) to be less than or equal to 30 but got a height of 32.000000. This error will be logged once per view in violation.
2021-11-21 11:54:51.637 firefox-bin[19627:175767] Warning: Expected min height of view: (<NSPopoverTouchBarItemButton: 0x1261f3800>) to be less than or equal to 30 but got a height of 32.000000. This error will be logged once per view in violation.
console.warn: SearchSettings: "get: No settings file exists, new profile?" (new NotFoundError("Could not open the file at /var/folders/zs/f9xhg2q16yj8jkhqpp4t6y0m0000gn/T/rust_mozprofileKdxj8s/search.json.mozlz4", (void 0)))
console.error: BackgroundUpdate: 
  _reasonsToNotScheduleUpdates: Failed to check for Maintenance Service Registry Key: [Exception... "Component returned failure code: 0x80004001 (NS_ERROR_NOT_IMPLEMENTED) [nsIUpdateProcessor.getServiceRegKeyExists]"  nsresult: "0x80004001 (NS_ERROR_NOT_IMPLEMENTED)"  location: "JS frame :: resource://gre/modules/BackgroundUpdate.jsm :: _reasonsToNotScheduleUpdates :: line 243"  data: no]
1637466892637	Marionette	INFO	Listening on port 54199
1637466892690	RemoteAgent	WARN	TLS certificate errors will be ignored for this session
1637466892781	Marionette	INFO	Stopped listening on port 54199
JavaScript error: resource:///modules/Interactions.jsm, line 209: NS_ERROR_FAILURE: Component returned failure code: 0x80004005 (NS_ERROR_FAILURE) [nsIUserIdleService.removeIdleObserver]
console.warn: SearchService: "Could not load engine amazondotcn@search.mozilla.org: TypeError: policy is null"
console.log: "RemoteSettingsWorker error: Error: Can't import when we've started shutting down."

###!!! [Parent][RunMessage] Error: Channel closing: too late to send/recv, messages will be lost

1637467351619	geckodriver	INFO	Listening on 127.0.0.1:54337
1637467351633	mozrunner::runner	INFO	Running command: "/Applications/Firefox.app/Contents/MacOS/firefox-bin" "--marionette" "-foreground" "-no-remote" "-profile" "/var/folders/zs/f9xhg2q16yj8jkhqpp4t6y0m0000gn/T/rust_mozprofileGCZTbE"
1637467351985	Marionette	INFO	Marionette enabled
2021-11-21 12:02:32.772 firefox-bin[20795:181681] Warning: Expected min height of view: (<NSButton: 0x130156400>) to be less than or equal to 30 but got a height of 32.000000. This error will be logged once per view in violation.
2021-11-21 12:02:32.773 firefox-bin[20795:181681] Warning: Expected min height of view: (<NSButton: 0x1302e3800>) to be less than or equal to 30 but got a height of 32.000000. This error will be logged once per view in violation.
2021-11-21 12:02:32.773 firefox-bin[20795:181681] Warning: Expected min height of view: (<NSButton: 0x1302de800>) to be less than or equal to 30 but got a height of 32.000000. This error will be logged once per view in violation.
2021-11-21 12:02:32.774 firefox-bin[20795:181681] Warning: Expected min height of view: (<NSButton: 0x1302dec00>) to be less than or equal to 30 but got a height of 32.000000. This error will be logged once per view in violation.
2021-11-21 12:02:32.775 firefox-bin[20795:181681] Warning: Expected min height of view: (<NSButton: 0x1302df400>) to be less than or equal to 30 but got a height of 32.000000. This error will be logged once per view in violation.
2021-11-21 12:02:32.775 firefox-bin[20795:181681] Warning: Expected min height of view: (<NSPopoverTouchBarItemButton: 0x1301a9c00>) to be less than or equal to 30 but got a height of 32.000000. This error will be logged once per view in violation.
2021-11-21 12:02:32.776 firefox-bin[20795:181681] Warning: Expected min height of view: (<NSPopoverTouchBarItemButton: 0x1301b4400>) to be less than or equal to 30 but got a height of 32.000000. This error will be logged once per view in violation.
console.warn: SearchSettings: "get: No settings file exists, new profile?" (new NotFoundError("Could not open the file at /var/folders/zs/f9xhg2q16yj8jkhqpp4t6y0m0000gn/T/rust_mozprofileGCZTbE/search.json.mozlz4", (void 0)))
console.error: BackgroundUpdate: 
  _reasonsToNotScheduleUpdates: Failed to check for Maintenance Service Registry Key: [Exception... "Component returned failure code: 0x80004001 (NS_ERROR_NOT_IMPLEMENTED) [nsIUpdateProcessor.getServiceRegKeyExists]"  nsresult: "0x80004001 (NS_ERROR_NOT_IMPLEMENTED)"  location: "JS frame :: resource://gre/modules/BackgroundUpdate.jsm :: _reasonsToNotScheduleUpdates :: line 243"  data: no]
1637467353727	Marionette	INFO	Listening on port 54342
1637467353804	RemoteAgent	WARN	TLS certificate errors will be ignored for this session
1637467353881	Marionette	INFO	Stopped listening on port 54342
JavaScript error: resource:///modules/Interactions.jsm, line 209: NS_ERROR_FAILURE: Component returned failure code: 0x80004005 (NS_ERROR_FAILURE) [nsIUserIdleService.removeIdleObserver]
console.error: services.settings: 
  main/query-stripping Signature failed  TypeError: NetworkError when attempting to fetch resource.
console.log: "RemoteSettingsWorker error: Error: Can't import when we've started shutting down."
JavaScript error: resource://gre/modules/AsyncShutdown.jsm, line 718: Error: Phase "profile-before-change" is finished, it is too late to register completion condition "DoHController: clear state and remove observers"

###!!! [Parent][RunMessage] Error: Channel closing: too late to send/recv, messages will be lost

1637468030728	geckodriver	INFO	Listening on 127.0.0.1:54495
1637468030743	mozrunner::runner	INFO	Running command: "/Applications/Firefox.app/Contents/MacOS/firefox-bin" "--marionette" "-foreground" "-no-remote" "-profile" "/var/folders/zs/f9xhg2q16yj8jkhqpp4t6y0m0000gn/T/rust_mozprofileWFnLeW"
1637468031305	Marionette	INFO	Marionette enabled
2021-11-21 12:13:52.084 firefox-bin[21847:189388] Warning: Expected min height of view: (<NSButton: 0x116f62000>) to be less than or equal to 30 but got a height of 32.000000. This error will be logged once per view in violation.
2021-11-21 12:13:52.084 firefox-bin[21847:189388] Warning: Expected min height of view: (<NSButton: 0x1284b7800>) to be less than or equal to 30 but got a height of 32.000000. This error will be logged once per view in violation.
2021-11-21 12:13:52.085 firefox-bin[21847:189388] Warning: Expected min height of view: (<NSButton: 0x1284b7400>) to be less than or equal to 30 but got a height of 32.000000. This error will be logged once per view in violation.
2021-11-21 12:13:52.085 firefox-bin[21847:189388] Warning: Expected min height of view: (<NSButton: 0x1284b6800>) to be less than or equal to 30 but got a height of 32.000000. This error will be logged once per view in violation.
2021-11-21 12:13:52.086 firefox-bin[21847:189388] Warning: Expected min height of view: (<NSButton: 0x1284b2800>) to be less than or equal to 30 but got a height of 32.000000. This error will be logged once per view in violation.
2021-11-21 12:13:52.086 firefox-bin[21847:189388] Warning: Expected min height of view: (<NSPopoverTouchBarItemButton: 0x1284b1800>) to be less than or equal to 30 but got a height of 32.000000. This error will be logged once per view in violation.
2021-11-21 12:13:52.087 firefox-bin[21847:189388] Warning: Expected min height of view: (<NSPopoverTouchBarItemButton: 0x1284f1400>) to be less than or equal to 30 but got a height of 32.000000. This error will be logged once per view in violation.
console.warn: SearchSettings: "get: No settings file exists, new profile?" (new NotFoundError("Could not open the file at /var/folders/zs/f9xhg2q16yj8jkhqpp4t6y0m0000gn/T/rust_mozprofileWFnLeW/search.json.mozlz4", (void 0)))
console.error: BackgroundUpdate: 
  _reasonsToNotScheduleUpdates: Failed to check for Maintenance Service Registry Key: [Exception... "Component returned failure code: 0x80004001 (NS_ERROR_NOT_IMPLEMENTED) [nsIUpdateProcessor.getServiceRegKeyExists]"  nsresult: "0x80004001 (NS_ERROR_NOT_IMPLEMENTED)"  location: "JS frame :: resource://gre/modules/BackgroundUpdate.jsm :: _reasonsToNotScheduleUpdates :: line 243"  data: no]
1637468033001	Marionette	INFO	Listening on port 54500
1637468033119	RemoteAgent	WARN	TLS certificate errors will be ignored for this session
1637468033254	Marionette	INFO	Stopped listening on port 54500
JavaScript error: resource:///modules/Interactions.jsm, line 209: NS_ERROR_FAILURE: Component returned failure code: 0x80004005 (NS_ERROR_FAILURE) [nsIUserIdleService.removeIdleObserver]
console.log: "RemoteSettingsWorker error: Error: Can't import when we've started shutting down."
JavaScript error: resource://gre/modules/AsyncShutdown.jsm, line 718: Error: Phase "profile-before-change" is finished, it is too late to register completion condition "DoHController: clear state and remove observers"

###!!! [Parent][RunMessage] Error: Channel closing: too late to send/recv, messages will be lost

1637469057729	geckodriver	INFO	Listening on 127.0.0.1:54750
1637469057740	mozrunner::runner	INFO	Running command: "/Applications/Firefox.app/Contents/MacOS/firefox-bin" "--marionette" "-foreground" "-no-remote" "-profile" "/var/folders/zs/f9xhg2q16yj8jkhqpp4t6y0m0000gn/T/rust_mozprofile9a23wJ"
1637469058081	Marionette	INFO	Marionette enabled
2021-11-21 12:30:58.790 firefox-bin[23434:200742] Warning: Expected min height of view: (<NSButton: 0x128ec5c00>) to be less than or equal to 30 but got a height of 32.000000. This error will be logged once per view in violation.
2021-11-21 12:30:58.790 firefox-bin[23434:200742] Warning: Expected min height of view: (<NSButton: 0x128dd9400>) to be less than or equal to 30 but got a height of 32.000000. This error will be logged once per view in violation.
2021-11-21 12:30:58.791 firefox-bin[23434:200742] Warning: Expected min height of view: (<NSButton: 0x128dd9c00>) to be less than or equal to 30 but got a height of 32.000000. This error will be logged once per view in violation.
2021-11-21 12:30:58.791 firefox-bin[23434:200742] Warning: Expected min height of view: (<NSButton: 0x128dd8c00>) to be less than or equal to 30 but got a height of 32.000000. This error will be logged once per view in violation.
2021-11-21 12:30:58.792 firefox-bin[23434:200742] Warning: Expected min height of view: (<NSButton: 0x128dddc00>) to be less than or equal to 30 but got a height of 32.000000. This error will be logged once per view in violation.
2021-11-21 12:30:58.792 firefox-bin[23434:200742] Warning: Expected min height of view: (<NSPopoverTouchBarItemButton: 0x128ddb400>) to be less than or equal to 30 but got a height of 32.000000. This error will be logged once per view in violation.
2021-11-21 12:30:58.793 firefox-bin[23434:200742] Warning: Expected min height of view: (<NSPopoverTouchBarItemButton: 0x128de1800>) to be less than or equal to 30 but got a height of 32.000000. This error will be logged once per view in violation.
console.warn: SearchSettings: "get: No settings file exists, new profile?" (new NotFoundError("Could not open the file at /var/folders/zs/f9xhg2q16yj8jkhqpp4t6y0m0000gn/T/rust_mozprofile9a23wJ/search.json.mozlz4", (void 0)))
console.error: BackgroundUpdate: 
  _reasonsToNotScheduleUpdates: Failed to check for Maintenance Service Registry Key: [Exception... "Component returned failure code: 0x80004001 (NS_ERROR_NOT_IMPLEMENTED) [nsIUpdateProcessor.getServiceRegKeyExists]"  nsresult: "0x80004001 (NS_ERROR_NOT_IMPLEMENTED)"  location: "JS frame :: resource://gre/modules/BackgroundUpdate.jsm :: _reasonsToNotScheduleUpdates :: line 243"  data: no]
1637469059674	Marionette	INFO	Listening on port 54755
1637469059711	RemoteAgent	WARN	TLS certificate errors will be ignored for this session
1637469059849	Marionette	INFO	Stopped listening on port 54755
JavaScript error: resource:///modules/Interactions.jsm, line 209: NS_ERROR_FAILURE: Component returned failure code: 0x80004005 (NS_ERROR_FAILURE) [nsIUserIdleService.removeIdleObserver]
console.error: Region.jsm: "Error fetching region" (new TypeError("NetworkError when attempting to fetch resource.", ""))
console.error: Region.jsm: "Failed to fetch region" (new Error("NO_RESULT", "resource://gre/modules/Region.jsm", 419))

###!!! [Parent][RunMessage] Error: Channel closing: too late to send/recv, messages will be lost

1637469202226	geckodriver	INFO	Listening on 127.0.0.1:54820
1637469202243	mozrunner::runner	INFO	Running command: "/Applications/Firefox.app/Contents/MacOS/firefox-bin" "--marionette" "-foreground" "-no-remote" "-profile" "/var/folders/zs/f9xhg2q16yj8jkhqpp4t6y0m0000gn/T/rust_mozprofileycHOtY"
1637469202672	Marionette	INFO	Marionette enabled
2021-11-21 12:33:23.394 firefox-bin[23716:203014] Warning: Expected min height of view: (<NSButton: 0x1288c6400>) to be less than or equal to 30 but got a height of 32.000000. This error will be logged once per view in violation.
2021-11-21 12:33:23.394 firefox-bin[23716:203014] Warning: Expected min height of view: (<NSButton: 0x1287e3800>) to be less than or equal to 30 but got a height of 32.000000. This error will be logged once per view in violation.
2021-11-21 12:33:23.395 firefox-bin[23716:203014] Warning: Expected min height of view: (<NSButton: 0x1287e0400>) to be less than or equal to 30 but got a height of 32.000000. This error will be logged once per view in violation.
2021-11-21 12:33:23.395 firefox-bin[23716:203014] Warning: Expected min height of view: (<NSButton: 0x1287dd800>) to be less than or equal to 30 but got a height of 32.000000. This error will be logged once per view in violation.
2021-11-21 12:33:23.396 firefox-bin[23716:203014] Warning: Expected min height of view: (<NSButton: 0x1287e0800>) to be less than or equal to 30 but got a height of 32.000000. This error will be logged once per view in violation.
2021-11-21 12:33:23.396 firefox-bin[23716:203014] Warning: Expected min height of view: (<NSPopoverTouchBarItemButton: 0x1287e2800>) to be less than or equal to 30 but got a height of 32.000000. This error will be logged once per view in violation.
2021-11-21 12:33:23.397 firefox-bin[23716:203014] Warning: Expected min height of view: (<NSPopoverTouchBarItemButton: 0x1287e5800>) to be less than or equal to 30 but got a height of 32.000000. This error will be logged once per view in violation.
console.warn: SearchSettings: "get: No settings file exists, new profile?" (new NotFoundError("Could not open the file at /var/folders/zs/f9xhg2q16yj8jkhqpp4t6y0m0000gn/T/rust_mozprofileycHOtY/search.json.mozlz4", (void 0)))
console.error: BackgroundUpdate: 
  _reasonsToNotScheduleUpdates: Failed to check for Maintenance Service Registry Key: [Exception... "Component returned failure code: 0x80004001 (NS_ERROR_NOT_IMPLEMENTED) [nsIUpdateProcessor.getServiceRegKeyExists]"  nsresult: "0x80004001 (NS_ERROR_NOT_IMPLEMENTED)"  location: "JS frame :: resource://gre/modules/BackgroundUpdate.jsm :: _reasonsToNotScheduleUpdates :: line 243"  data: no]
1637469204283	Marionette	INFO	Listening on port 54825
1637469204316	RemoteAgent	WARN	TLS certificate errors will be ignored for this session
console.log: WebExtensions: reset-default-search: starting.
console.log: WebExtensions: reset-default-search: No addons in our list are installed.
1637481322475	geckodriver	INFO	Listening on 127.0.0.1:57136
1637481323496	mozrunner::runner	INFO	Running command: "/Applications/Firefox.app/Contents/MacOS/firefox-bin" "--marionette" "-foreground" "-no-remote" "-profile" "/var/folders/zs/f9xhg2q16yj8jkhqpp4t6y0m0000gn/T/rust_mozprofileWOp7qo"
1637481323859	Marionette	INFO	Marionette enabled
2021-11-21 15:55:24.666 firefox-bin[37164:286542] Warning: Expected min height of view: (<NSButton: 0x12cf6fc00>) to be less than or equal to 30 but got a height of 32.000000. This error will be logged once per view in violation.
2021-11-21 15:55:24.666 firefox-bin[37164:286542] Warning: Expected min height of view: (<NSButton: 0x12cfe8800>) to be less than or equal to 30 but got a height of 32.000000. This error will be logged once per view in violation.
2021-11-21 15:55:24.667 firefox-bin[37164:286542] Warning: Expected min height of view: (<NSButton: 0x12cfe8c00>) to be less than or equal to 30 but got a height of 32.000000. This error will be logged once per view in violation.
2021-11-21 15:55:24.667 firefox-bin[37164:286542] Warning: Expected min height of view: (<NSButton: 0x12cfe2c00>) to be less than or equal to 30 but got a height of 32.000000. This error will be logged once per view in violation.
2021-11-21 15:55:24.668 firefox-bin[37164:286542] Warning: Expected min height of view: (<NSButton: 0x12cfe6800>) to be less than or equal to 30 but got a height of 32.000000. This error will be logged once per view in violation.
2021-11-21 15:55:24.668 firefox-bin[37164:286542] Warning: Expected min height of view: (<NSPopoverTouchBarItemButton: 0x12cfe9000>) to be less than or equal to 30 but got a height of 32.000000. This error will be logged once per view in violation.
2021-11-21 15:55:24.669 firefox-bin[37164:286542] Warning: Expected min height of view: (<NSPopoverTouchBarItemButton: 0x12cfef000>) to be less than or equal to 30 but got a height of 32.000000. This error will be logged once per view in violation.
console.warn: SearchSettings: "get: No settings file exists, new profile?" (new NotFoundError("Could not open the file at /var/folders/zs/f9xhg2q16yj8jkhqpp4t6y0m0000gn/T/rust_mozprofileWOp7qo/search.json.mozlz4", (void 0)))
console.error: BackgroundUpdate: 
  _reasonsToNotScheduleUpdates: Failed to check for Maintenance Service Registry Key: [Exception... "Component returned failure code: 0x80004001 (NS_ERROR_NOT_IMPLEMENTED) [nsIUpdateProcessor.getServiceRegKeyExists]"  nsresult: "0x80004001 (NS_ERROR_NOT_IMPLEMENTED)"  location: "JS frame :: resource://gre/modules/BackgroundUpdate.jsm :: _reasonsToNotScheduleUpdates :: line 243"  data: no]
1637481325708	Marionette	INFO	Listening on port 57143
1637481325795	RemoteAgent	WARN	TLS certificate errors will be ignored for this session
1637481344262	geckodriver	INFO	Listening on 127.0.0.1:57203
1637481344274	mozrunner::runner	INFO	Running command: "/Applications/Firefox.app/Contents/MacOS/firefox-bin" "--marionette" "-foreground" "-no-remote" "-profile" "/var/folders/zs/f9xhg2q16yj8jkhqpp4t6y0m0000gn/T/rust_mozprofilexczWFS"
1637481344624	Marionette	INFO	Marionette enabled
2021-11-21 15:55:45.346 firefox-bin[37191:287199] Warning: Expected min height of view: (<NSButton: 0x11955a000>) to be less than or equal to 30 but got a height of 32.000000. This error will be logged once per view in violation.
2021-11-21 15:55:45.346 firefox-bin[37191:287199] Warning: Expected min height of view: (<NSButton: 0x101fedc00>) to be less than or equal to 30 but got a height of 32.000000. This error will be logged once per view in violation.
2021-11-21 15:55:45.347 firefox-bin[37191:287199] Warning: Expected min height of view: (<NSButton: 0x1195cd000>) to be less than or equal to 30 but got a height of 32.000000. This error will be logged once per view in violation.
2021-11-21 15:55:45.347 firefox-bin[37191:287199] Warning: Expected min height of view: (<NSButton: 0x1195cb800>) to be less than or equal to 30 but got a height of 32.000000. This error will be logged once per view in violation.
2021-11-21 15:55:45.348 firefox-bin[37191:287199] Warning: Expected min height of view: (<NSButton: 0x1195cb000>) to be less than or equal to 30 but got a height of 32.000000. This error will be logged once per view in violation.
2021-11-21 15:55:45.348 firefox-bin[37191:287199] Warning: Expected min height of view: (<NSPopoverTouchBarItemButton: 0x1195cd800>) to be less than or equal to 30 but got a height of 32.000000. This error will be logged once per view in violation.
2021-11-21 15:55:45.349 firefox-bin[37191:287199] Warning: Expected min height of view: (<NSPopoverTouchBarItemButton: 0x116b77c00>) to be less than or equal to 30 but got a height of 32.000000. This error will be logged once per view in violation.
console.warn: SearchSettings: "get: No settings file exists, new profile?" (new NotFoundError("Could not open the file at /var/folders/zs/f9xhg2q16yj8jkhqpp4t6y0m0000gn/T/rust_mozprofilexczWFS/search.json.mozlz4", (void 0)))
console.error: BackgroundUpdate: 
  _reasonsToNotScheduleUpdates: Failed to check for Maintenance Service Registry Key: [Exception... "Component returned failure code: 0x80004001 (NS_ERROR_NOT_IMPLEMENTED) [nsIUpdateProcessor.getServiceRegKeyExists]"  nsresult: "0x80004001 (NS_ERROR_NOT_IMPLEMENTED)"  location: "JS frame :: resource://gre/modules/BackgroundUpdate.jsm :: _reasonsToNotScheduleUpdates :: line 243"  data: no]
1637481346426	Marionette	INFO	Listening on port 57208
1637481346449	RemoteAgent	WARN	TLS certificate errors will be ignored for this session
1637481815984	geckodriver	INFO	Listening on 127.0.0.1:57364
1637481817000	mozrunner::runner	INFO	Running command: "/Applications/Firefox.app/Contents/MacOS/firefox-bin" "--marionette" "-foreground" "-no-remote" "-profile" "/var/folders/zs/f9xhg2q16yj8jkhqpp4t6y0m0000gn/T/rust_mozprofileu3UJmN"
1637481817384	Marionette	INFO	Marionette enabled
2021-11-21 16:03:38.219 firefox-bin[38005:292457] Warning: Expected min height of view: (<NSButton: 0x133252000>) to be less than or equal to 30 but got a height of 32.000000. This error will be logged once per view in violation.
2021-11-21 16:03:38.220 firefox-bin[38005:292457] Warning: Expected min height of view: (<NSButton: 0x1332c6c00>) to be less than or equal to 30 but got a height of 32.000000. This error will be logged once per view in violation.
2021-11-21 16:03:38.220 firefox-bin[38005:292457] Warning: Expected min height of view: (<NSButton: 0x1332c4800>) to be less than or equal to 30 but got a height of 32.000000. This error will be logged once per view in violation.
2021-11-21 16:03:38.221 firefox-bin[38005:292457] Warning: Expected min height of view: (<NSButton: 0x1332c2000>) to be less than or equal to 30 but got a height of 32.000000. This error will be logged once per view in violation.
2021-11-21 16:03:38.221 firefox-bin[38005:292457] Warning: Expected min height of view: (<NSButton: 0x1332c8c00>) to be less than or equal to 30 but got a height of 32.000000. This error will be logged once per view in violation.
2021-11-21 16:03:38.222 firefox-bin[38005:292457] Warning: Expected min height of view: (<NSPopoverTouchBarItemButton: 0x1332c7000>) to be less than or equal to 30 but got a height of 32.000000. This error will be logged once per view in violation.
2021-11-21 16:03:38.222 firefox-bin[38005:292457] Warning: Expected min height of view: (<NSPopoverTouchBarItemButton: 0x1332cc400>) to be less than or equal to 30 but got a height of 32.000000. This error will be logged once per view in violation.
console.warn: SearchSettings: "get: No settings file exists, new profile?" (new NotFoundError("Could not open the file at /var/folders/zs/f9xhg2q16yj8jkhqpp4t6y0m0000gn/T/rust_mozprofileu3UJmN/search.json.mozlz4", (void 0)))
console.error: BackgroundUpdate: 
  _reasonsToNotScheduleUpdates: Failed to check for Maintenance Service Registry Key: [Exception... "Component returned failure code: 0x80004001 (NS_ERROR_NOT_IMPLEMENTED) [nsIUpdateProcessor.getServiceRegKeyExists]"  nsresult: "0x80004001 (NS_ERROR_NOT_IMPLEMENTED)"  location: "JS frame :: resource://gre/modules/BackgroundUpdate.jsm :: _reasonsToNotScheduleUpdates :: line 243"  data: no]
1637481819298	Marionette	INFO	Listening on port 57371
1637481819364	RemoteAgent	WARN	TLS certificate errors will be ignored for this session
console.log: WebExtensions: reset-default-search: starting.
console.log: WebExtensions: reset-default-search: No addons in our list are installed.
console.log: WebExtensions: reset-default-search: starting.
console.log: WebExtensions: reset-default-search: No addons in our list are installed.
1637482288557	geckodriver	INFO	Listening on 127.0.0.1:57562
1637482289576	mozrunner::runner	INFO	Running command: "/Applications/Firefox.app/Contents/MacOS/firefox-bin" "--marionette" "-foreground" "-no-remote" "-profile" "/var/folders/zs/f9xhg2q16yj8jkhqpp4t6y0m0000gn/T/rust_mozprofileDCopxS"
1637482289982	Marionette	INFO	Marionette enabled
2021-11-21 16:11:30.680 firefox-bin[38657:297834] Warning: Expected min height of view: (<NSButton: 0x130392800>) to be less than or equal to 30 but got a height of 32.000000. This error will be logged once per view in violation.
2021-11-21 16:11:30.680 firefox-bin[38657:297834] Warning: Expected min height of view: (<NSButton: 0x1303dbc00>) to be less than or equal to 30 but got a height of 32.000000. This error will be logged once per view in violation.
2021-11-21 16:11:30.681 firefox-bin[38657:297834] Warning: Expected min height of view: (<NSButton: 0x1303d6000>) to be less than or equal to 30 but got a height of 32.000000. This error will be logged once per view in violation.
2021-11-21 16:11:30.681 firefox-bin[38657:297834] Warning: Expected min height of view: (<NSButton: 0x1303dc000>) to be less than or equal to 30 but got a height of 32.000000. This error will be logged once per view in violation.
2021-11-21 16:11:30.682 firefox-bin[38657:297834] Warning: Expected min height of view: (<NSButton: 0x1303db400>) to be less than or equal to 30 but got a height of 32.000000. This error will be logged once per view in violation.
2021-11-21 16:11:30.682 firefox-bin[38657:297834] Warning: Expected min height of view: (<NSPopoverTouchBarItemButton: 0x1303db800>) to be less than or equal to 30 but got a height of 32.000000. This error will be logged once per view in violation.
2021-11-21 16:11:30.683 firefox-bin[38657:297834] Warning: Expected min height of view: (<NSPopoverTouchBarItemButton: 0x1303e2c00>) to be less than or equal to 30 but got a height of 32.000000. This error will be logged once per view in violation.
console.warn: SearchSettings: "get: No settings file exists, new profile?" (new NotFoundError("Could not open the file at /var/folders/zs/f9xhg2q16yj8jkhqpp4t6y0m0000gn/T/rust_mozprofileDCopxS/search.json.mozlz4", (void 0)))
console.error: BackgroundUpdate: 
  _reasonsToNotScheduleUpdates: Failed to check for Maintenance Service Registry Key: [Exception... "Component returned failure code: 0x80004001 (NS_ERROR_NOT_IMPLEMENTED) [nsIUpdateProcessor.getServiceRegKeyExists]"  nsresult: "0x80004001 (NS_ERROR_NOT_IMPLEMENTED)"  location: "JS frame :: resource://gre/modules/BackgroundUpdate.jsm :: _reasonsToNotScheduleUpdates :: line 243"  data: no]
1637482291809	Marionette	INFO	Listening on port 57571
1637482291860	RemoteAgent	WARN	TLS certificate errors will be ignored for this session
1637482291965	Marionette	INFO	Stopped listening on port 57571
JavaScript error: resource:///modules/Interactions.jsm, line 209: NS_ERROR_FAILURE: Component returned failure code: 0x80004005 (NS_ERROR_FAILURE) [nsIUserIdleService.removeIdleObserver]
console.error: Region.jsm: "Error fetching region" (new TypeError("NetworkError when attempting to fetch resource.", ""))
console.error: Region.jsm: "Failed to fetch region" (new Error("NO_RESULT", "resource://gre/modules/Region.jsm", 419))

###!!! [Parent][RunMessage] Error: Channel closing: too late to send/recv, messages will be lost

console.log: WebExtensions: reset-default-search: starting.
console.log: WebExtensions: reset-default-search: No addons in our list are installed.
1637482382122	geckodriver	INFO	Listening on 127.0.0.1:57638
1637482382138	mozrunner::runner	INFO	Running command: "/Applications/Firefox.app/Contents/MacOS/firefox-bin" "--marionette" "-foreground" "-no-remote" "-profile" "/var/folders/zs/f9xhg2q16yj8jkhqpp4t6y0m0000gn/T/rust_mozprofilexCFTfq"
1637482382484	Marionette	INFO	Marionette enabled
2021-11-21 16:13:03.210 firefox-bin[38911:299592] Warning: Expected min height of view: (<NSButton: 0x127f97000>) to be less than or equal to 30 but got a height of 32.000000. This error will be logged once per view in violation.
2021-11-21 16:13:03.211 firefox-bin[38911:299592] Warning: Expected min height of view: (<NSButton: 0x128013c00>) to be less than or equal to 30 but got a height of 32.000000. This error will be logged once per view in violation.
2021-11-21 16:13:03.212 firefox-bin[38911:299592] Warning: Expected min height of view: (<NSButton: 0x128010800>) to be less than or equal to 30 but got a height of 32.000000. This error will be logged once per view in violation.
2021-11-21 16:13:03.212 firefox-bin[38911:299592] Warning: Expected min height of view: (<NSButton: 0x128011c00>) to be less than or equal to 30 but got a height of 32.000000. This error will be logged once per view in violation.
2021-11-21 16:13:03.213 firefox-bin[38911:299592] Warning: Expected min height of view: (<NSButton: 0x12800f400>) to be less than or equal to 30 but got a height of 32.000000. This error will be logged once per view in violation.
2021-11-21 16:13:03.213 firefox-bin[38911:299592] Warning: Expected min height of view: (<NSPopoverTouchBarItemButton: 0x12800e800>) to be less than or equal to 30 but got a height of 32.000000. This error will be logged once per view in violation.
2021-11-21 16:13:03.214 firefox-bin[38911:299592] Warning: Expected min height of view: (<NSPopoverTouchBarItemButton: 0x128016400>) to be less than or equal to 30 but got a height of 32.000000. This error will be logged once per view in violation.
console.warn: SearchSettings: "get: No settings file exists, new profile?" (new NotFoundError("Could not open the file at /var/folders/zs/f9xhg2q16yj8jkhqpp4t6y0m0000gn/T/rust_mozprofilexCFTfq/search.json.mozlz4", (void 0)))
console.error: BackgroundUpdate: 
  _reasonsToNotScheduleUpdates: Failed to check for Maintenance Service Registry Key: [Exception... "Component returned failure code: 0x80004001 (NS_ERROR_NOT_IMPLEMENTED) [nsIUpdateProcessor.getServiceRegKeyExists]"  nsresult: "0x80004001 (NS_ERROR_NOT_IMPLEMENTED)"  location: "JS frame :: resource://gre/modules/BackgroundUpdate.jsm :: _reasonsToNotScheduleUpdates :: line 243"  data: no]
1637482384083	Marionette	INFO	Listening on port 57643
1637482384118	RemoteAgent	WARN	TLS certificate errors will be ignored for this session
JavaScript error: resource://gre/actors/AutoCompleteChild.jsm, line 125: Error: Invalid autocomplete selectedIndex
1637482385308	Marionette	INFO	Stopped listening on port 57643
JavaScript error: resource:///modules/Interactions.jsm, line 209: NS_ERROR_FAILURE: Component returned failure code: 0x80004005 (NS_ERROR_FAILURE) [nsIUserIdleService.removeIdleObserver]

###!!! [Parent][RunMessage] Error: Channel closing: too late to send/recv, messages will be lost

1637482854491	geckodriver	INFO	Listening on 127.0.0.1:57770
1637482854506	mozrunner::runner	INFO	Running command: "/Applications/Firefox.app/Contents/MacOS/firefox-bin" "--marionette" "-foreground" "-no-remote" "-profile" "/var/folders/zs/f9xhg2q16yj8jkhqpp4t6y0m0000gn/T/rust_mozprofilegNH6c7"
1637482854894	Marionette	INFO	Marionette enabled
2021-11-21 16:20:55.633 firefox-bin[39583:304797] Warning: Expected min height of view: (<NSButton: 0x128d52800>) to be less than or equal to 30 but got a height of 32.000000. This error will be logged once per view in violation.
2021-11-21 16:20:55.633 firefox-bin[39583:304797] Warning: Expected min height of view: (<NSButton: 0x128ee8800>) to be less than or equal to 30 but got a height of 32.000000. This error will be logged once per view in violation.
2021-11-21 16:20:55.634 firefox-bin[39583:304797] Warning: Expected min height of view: (<NSButton: 0x128eed400>) to be less than or equal to 30 but got a height of 32.000000. This error will be logged once per view in violation.
2021-11-21 16:20:55.635 firefox-bin[39583:304797] Warning: Expected min height of view: (<NSButton: 0x128eef800>) to be less than or equal to 30 but got a height of 32.000000. This error will be logged once per view in violation.
2021-11-21 16:20:55.635 firefox-bin[39583:304797] Warning: Expected min height of view: (<NSButton: 0x128eea000>) to be less than or equal to 30 but got a height of 32.000000. This error will be logged once per view in violation.
2021-11-21 16:20:55.636 firefox-bin[39583:304797] Warning: Expected min height of view: (<NSPopoverTouchBarItemButton: 0x128eee800>) to be less than or equal to 30 but got a height of 32.000000. This error will be logged once per view in violation.
2021-11-21 16:20:55.636 firefox-bin[39583:304797] Warning: Expected min height of view: (<NSPopoverTouchBarItemButton: 0x128d58c00>) to be less than or equal to 30 but got a height of 32.000000. This error will be logged once per view in violation.
console.warn: SearchSettings: "get: No settings file exists, new profile?" (new NotFoundError("Could not open the file at /var/folders/zs/f9xhg2q16yj8jkhqpp4t6y0m0000gn/T/rust_mozprofilegNH6c7/search.json.mozlz4", (void 0)))
console.error: BackgroundUpdate: 
  _reasonsToNotScheduleUpdates: Failed to check for Maintenance Service Registry Key: [Exception... "Component returned failure code: 0x80004001 (NS_ERROR_NOT_IMPLEMENTED) [nsIUpdateProcessor.getServiceRegKeyExists]"  nsresult: "0x80004001 (NS_ERROR_NOT_IMPLEMENTED)"  location: "JS frame :: resource://gre/modules/BackgroundUpdate.jsm :: _reasonsToNotScheduleUpdates :: line 243"  data: no]
1637482856552	Marionette	INFO	Listening on port 57775
1637482856582	RemoteAgent	WARN	TLS certificate errors will be ignored for this session
JavaScript error: resource://gre/actors/AutoCompleteChild.jsm, line 125: Error: Invalid autocomplete selectedIndex
1637482857739	Marionette	INFO	Stopped listening on port 57775
JavaScript error: resource:///modules/Interactions.jsm, line 209: NS_ERROR_FAILURE: Component returned failure code: 0x80004005 (NS_ERROR_FAILURE) [nsIUserIdleService.removeIdleObserver]

###!!! [Parent][RunMessage] Error: Channel closing: too late to send/recv, messages will be lost

1637482914152	geckodriver	INFO	Listening on 127.0.0.1:57830
1637482914168	mozrunner::runner	INFO	Running command: "/Applications/Firefox.app/Contents/MacOS/firefox-bin" "--marionette" "-foreground" "-no-remote" "-profile" "/var/folders/zs/f9xhg2q16yj8jkhqpp4t6y0m0000gn/T/rust_mozprofileeTjQ0V"
1637482914534	Marionette	INFO	Marionette enabled
2021-11-21 16:21:55.277 firefox-bin[39723:305941] Warning: Expected min height of view: (<NSButton: 0x12fcb7800>) to be less than or equal to 30 but got a height of 32.000000. This error will be logged once per view in violation.
2021-11-21 16:21:55.278 firefox-bin[39723:305941] Warning: Expected min height of view: (<NSButton: 0x12fceec00>) to be less than or equal to 30 but got a height of 32.000000. This error will be logged once per view in violation.
2021-11-21 16:21:55.278 firefox-bin[39723:305941] Warning: Expected min height of view: (<NSButton: 0x12fced000>) to be less than or equal to 30 but got a height of 32.000000. This error will be logged once per view in violation.
2021-11-21 16:21:55.279 firefox-bin[39723:305941] Warning: Expected min height of view: (<NSButton: 0x12fcebc00>) to be less than or equal to 30 but got a height of 32.000000. This error will be logged once per view in violation.
2021-11-21 16:21:55.279 firefox-bin[39723:305941] Warning: Expected min height of view: (<NSButton: 0x12fcecc00>) to be less than or equal to 30 but got a height of 32.000000. This error will be logged once per view in violation.
2021-11-21 16:21:55.280 firefox-bin[39723:305941] Warning: Expected min height of view: (<NSPopoverTouchBarItemButton: 0x12fcec000>) to be less than or equal to 30 but got a height of 32.000000. This error will be logged once per view in violation.
2021-11-21 16:21:55.280 firefox-bin[39723:305941] Warning: Expected min height of view: (<NSPopoverTouchBarItemButton: 0x11b92c400>) to be less than or equal to 30 but got a height of 32.000000. This error will be logged once per view in violation.
console.warn: SearchSettings: "get: No settings file exists, new profile?" (new NotFoundError("Could not open the file at /var/folders/zs/f9xhg2q16yj8jkhqpp4t6y0m0000gn/T/rust_mozprofileeTjQ0V/search.json.mozlz4", (void 0)))
console.error: BackgroundUpdate: 
  _reasonsToNotScheduleUpdates: Failed to check for Maintenance Service Registry Key: [Exception... "Component returned failure code: 0x80004001 (NS_ERROR_NOT_IMPLEMENTED) [nsIUpdateProcessor.getServiceRegKeyExists]"  nsresult: "0x80004001 (NS_ERROR_NOT_IMPLEMENTED)"  location: "JS frame :: resource://gre/modules/BackgroundUpdate.jsm :: _reasonsToNotScheduleUpdates :: line 243"  data: no]
1637482916158	Marionette	INFO	Listening on port 57835
1637482916244	RemoteAgent	WARN	TLS certificate errors will be ignored for this session
JavaScript error: resource://gre/actors/AutoCompleteChild.jsm, line 125: Error: Invalid autocomplete selectedIndex
1637482917391	Marionette	INFO	Stopped listening on port 57835
JavaScript error: resource:///modules/Interactions.jsm, line 209: NS_ERROR_FAILURE: Component returned failure code: 0x80004005 (NS_ERROR_FAILURE) [nsIUserIdleService.removeIdleObserver]

###!!! [Parent][RunMessage] Error: Channel closing: too late to send/recv, messages will be lost

